<?xml version="1.0" encoding="UTF-8"?>
<!-- Generated by org.testng.reporters.JUnitXMLReporter -->
<testsuite ignored="0" hostname="LIN-PF263PK1" failures="6" tests="6" name="Test" time="0.685" errors="0" timestamp="2025-07-11T09:34:11 IST">
  <testcase classname="io.cucumber.testng.AbstractTestNGCucumberTests" name="runScenario" time="0.239">
    <failure type="io.cucumber.testng.UndefinedStepException" message="The step &amp;apos;User clicks on Video Consult link from homepage&amp;apos; and 3 other step(s) are undefined.
You can implement these steps using the snippet(s) below:

@When(&amp;quot;User clicks on Video Consult link from homepage&amp;quot;)
public void user_clicks_on_video_consult_link_from_homepage() {
    // Write code here that turns the phrase above into concrete actions
    throw new io.cucumber.java.PendingException();
}
@When(&amp;quot;User Clicks on Consult Now button on Video Consult Page&amp;quot;)
public void user_clicks_on_consult_now_button_on_video_consult_page() {
    // Write code here that turns the phrase above into concrete actions
    throw new io.cucumber.java.PendingException();
}
@When(&amp;quot;User clicks on the Practo logo&amp;quot;)
public void user_clicks_on_the_practo_logo() {
    // Write code here that turns the phrase above into concrete actions
    throw new io.cucumber.java.PendingException();
}
@Then(&amp;quot;User should be redirected to the Practo homepage&amp;quot;)
public void user_should_be_redirected_to_the_practo_homepage() {
    // Write code here that turns the phrase above into concrete actions
    throw new io.cucumber.java.PendingException();
}
">
      <![CDATA[io.cucumber.testng.UndefinedStepException: The step 'User clicks on Video Consult link from homepage' and 3 other step(s) are undefined.
You can implement these steps using the snippet(s) below:

@When("User clicks on Video Consult link from homepage")
public void user_clicks_on_video_consult_link_from_homepage() {
    // Write code here that turns the phrase above into concrete actions
    throw new io.cucumber.java.PendingException();
}
@When("User Clicks on Consult Now button on Video Consult Page")
public void user_clicks_on_consult_now_button_on_video_consult_page() {
    // Write code here that turns the phrase above into concrete actions
    throw new io.cucumber.java.PendingException();
}
@When("User clicks on the Practo logo")
public void user_clicks_on_the_practo_logo() {
    // Write code here that turns the phrase above into concrete actions
    throw new io.cucumber.java.PendingException();
}
@Then("User should be redirected to the Practo homepage")
public void user_should_be_redirected_to_the_practo_homepage() {
    // Write code here that turns the phrase above into concrete actions
    throw new io.cucumber.java.PendingException();
}

at ✽.User clicks on Video Consult link from homepage(file:///C:/Users/lkadadas/Desktop/Sprint/Practo/src/test/resource/Features/PractoVideoConsult.feature:51)
]]>
    </failure>
  </testcase> <!-- runScenario -->
  <testcase classname="io.cucumber.testng.AbstractTestNGCucumberTests" name="runScenario" time="0.239">
    <failure type="io.cucumber.testng.UndefinedStepException" message="The step &amp;apos;User clicks on Video Consult link from homepage&amp;apos; and 6 other step(s) are undefined.
You can implement these steps using the snippet(s) below:

@When(&amp;quot;User clicks on Video Consult link from homepage&amp;quot;)
public void user_clicks_on_video_consult_link_from_homepage() {
    // Write code here that turns the phrase above into concrete actions
    throw new io.cucumber.java.PendingException();
}
@When(&amp;quot;User Clicks on Consult Now button on Video Consult Page&amp;quot;)
public void user_clicks_on_consult_now_button_on_video_consult_page() {
    // Write code here that turns the phrase above into concrete actions
    throw new io.cucumber.java.PendingException();
}
@When(&amp;quot;User enters symptom {string} in the symptom input field&amp;quot;)
public void user_enters_symptom_in_the_symptom_input_field(String string) {
    // Write code here that turns the phrase above into concrete actions
    throw new io.cucumber.java.PendingException();
}
@When(&amp;quot;User selects speciality Pediatrics from the list&amp;quot;)
public void user_selects_speciality_pediatrics_from_the_list() {
    // Write code here that turns the phrase above into concrete actions
    throw new io.cucumber.java.PendingException();
}
@When(&amp;quot;User scrolls to mobile number input&amp;quot;)
public void user_scrolls_to_mobile_number_input() {
    // Write code here that turns the phrase above into concrete actions
    throw new io.cucumber.java.PendingException();
}
@When(&amp;quot;User enters new mobile number {string}&amp;quot;)
public void user_enters_new_mobile_number(String string) {
    // Write code here that turns the phrase above into concrete actions
    throw new io.cucumber.java.PendingException();
}
@Then(&amp;quot;Continue button is active&amp;quot;)
public void continue_button_is_active() {
    // Write code here that turns the phrase above into concrete actions
    throw new io.cucumber.java.PendingException();
}
">
      <![CDATA[io.cucumber.testng.UndefinedStepException: The step 'User clicks on Video Consult link from homepage' and 6 other step(s) are undefined.
You can implement these steps using the snippet(s) below:

@When("User clicks on Video Consult link from homepage")
public void user_clicks_on_video_consult_link_from_homepage() {
    // Write code here that turns the phrase above into concrete actions
    throw new io.cucumber.java.PendingException();
}
@When("User Clicks on Consult Now button on Video Consult Page")
public void user_clicks_on_consult_now_button_on_video_consult_page() {
    // Write code here that turns the phrase above into concrete actions
    throw new io.cucumber.java.PendingException();
}
@When("User enters symptom {string} in the symptom input field")
public void user_enters_symptom_in_the_symptom_input_field(String string) {
    // Write code here that turns the phrase above into concrete actions
    throw new io.cucumber.java.PendingException();
}
@When("User selects speciality Pediatrics from the list")
public void user_selects_speciality_pediatrics_from_the_list() {
    // Write code here that turns the phrase above into concrete actions
    throw new io.cucumber.java.PendingException();
}
@When("User scrolls to mobile number input")
public void user_scrolls_to_mobile_number_input() {
    // Write code here that turns the phrase above into concrete actions
    throw new io.cucumber.java.PendingException();
}
@When("User enters new mobile number {string}")
public void user_enters_new_mobile_number(String string) {
    // Write code here that turns the phrase above into concrete actions
    throw new io.cucumber.java.PendingException();
}
@Then("Continue button is active")
public void continue_button_is_active() {
    // Write code here that turns the phrase above into concrete actions
    throw new io.cucumber.java.PendingException();
}

at ✽.User clicks on Video Consult link from homepage(file:///C:/Users/lkadadas/Desktop/Sprint/Practo/src/test/resource/Features/PractoVideoConsult.feature:18)
]]>
    </failure>
  </testcase> <!-- runScenario -->
  <testcase classname="io.cucumber.testng.AbstractTestNGCucumberTests" name="runScenario" time="0.239">
    <failure type="io.cucumber.testng.UndefinedStepException" message="The step &amp;apos;User clicks on Video Consult link from homepage&amp;apos; and 3 other step(s) are undefined.
You can implement these steps using the snippet(s) below:

@When(&amp;quot;User clicks on Video Consult link from homepage&amp;quot;)
public void user_clicks_on_video_consult_link_from_homepage() {
    // Write code here that turns the phrase above into concrete actions
    throw new io.cucumber.java.PendingException();
}
@When(&amp;quot;User Clicks on Consult Now button on Video Consult Page&amp;quot;)
public void user_clicks_on_consult_now_button_on_video_consult_page() {
    // Write code here that turns the phrase above into concrete actions
    throw new io.cucumber.java.PendingException();
}
@When(&amp;quot;User enters invalid symptom from properties&amp;quot;)
public void user_enters_invalid_symptom_from_properties() {
    // Write code here that turns the phrase above into concrete actions
    throw new io.cucumber.java.PendingException();
}
@Then(&amp;quot;Continue button should be inactive&amp;quot;)
public void continue_button_should_be_inactive() {
    // Write code here that turns the phrase above into concrete actions
    throw new io.cucumber.java.PendingException();
}
">
      <![CDATA[io.cucumber.testng.UndefinedStepException: The step 'User clicks on Video Consult link from homepage' and 3 other step(s) are undefined.
You can implement these steps using the snippet(s) below:

@When("User clicks on Video Consult link from homepage")
public void user_clicks_on_video_consult_link_from_homepage() {
    // Write code here that turns the phrase above into concrete actions
    throw new io.cucumber.java.PendingException();
}
@When("User Clicks on Consult Now button on Video Consult Page")
public void user_clicks_on_consult_now_button_on_video_consult_page() {
    // Write code here that turns the phrase above into concrete actions
    throw new io.cucumber.java.PendingException();
}
@When("User enters invalid symptom from properties")
public void user_enters_invalid_symptom_from_properties() {
    // Write code here that turns the phrase above into concrete actions
    throw new io.cucumber.java.PendingException();
}
@Then("Continue button should be inactive")
public void continue_button_should_be_inactive() {
    // Write code here that turns the phrase above into concrete actions
    throw new io.cucumber.java.PendingException();
}

at ✽.User clicks on Video Consult link from homepage(file:///C:/Users/lkadadas/Desktop/Sprint/Practo/src/test/resource/Features/PractoVideoConsult.feature:34)
]]>
    </failure>
  </testcase> <!-- runScenario -->
  <testcase classname="io.cucumber.testng.AbstractTestNGCucumberTests" name="runScenario" time="0.239">
    <failure type="io.cucumber.testng.UndefinedStepException" message="The step &amp;apos;User clicks on Video Consult link from homepage&amp;apos; and 3 other step(s) are undefined.
You can implement these steps using the snippet(s) below:

@When(&amp;quot;User clicks on Video Consult link from homepage&amp;quot;)
public void user_clicks_on_video_consult_link_from_homepage() {
    // Write code here that turns the phrase above into concrete actions
    throw new io.cucumber.java.PendingException();
}
@When(&amp;quot;User Clicks on Consult Now button on Video Consult Page&amp;quot;)
public void user_clicks_on_consult_now_button_on_video_consult_page() {
    // Write code here that turns the phrase above into concrete actions
    throw new io.cucumber.java.PendingException();
}
@When(&amp;quot;enters the VALID symptom and phonenumber using Data Table&amp;quot;)
public void enters_the_valid_symptom_and_phonenumber_using_data_table(io.cucumber.datatable.DataTable dataTable) {
    // Write code here that turns the phrase above into concrete actions
    // For automatic transformation, change DataTable to one of
    // E, List&amp;lt;E&amp;gt;, List&amp;lt;List&amp;lt;E&amp;gt;&amp;gt;, List&amp;lt;Map&amp;lt;K,V&amp;gt;&amp;gt;, Map&amp;lt;K,V&amp;gt; or
    // Map&amp;lt;K, List&amp;lt;V&amp;gt;&amp;gt;. E,K,V must be a String, Integer, Float,
    // Double, Byte, Short, Long, BigInteger or BigDecimal.
    //
    // For other transformations you can register a DataTableType.
    throw new io.cucumber.java.PendingException();
}
@Then(&amp;quot;Continue button is active&amp;quot;)
public void continue_button_is_active() {
    // Write code here that turns the phrase above into concrete actions
    throw new io.cucumber.java.PendingException();
}
">
      <![CDATA[io.cucumber.testng.UndefinedStepException: The step 'User clicks on Video Consult link from homepage' and 3 other step(s) are undefined.
You can implement these steps using the snippet(s) below:

@When("User clicks on Video Consult link from homepage")
public void user_clicks_on_video_consult_link_from_homepage() {
    // Write code here that turns the phrase above into concrete actions
    throw new io.cucumber.java.PendingException();
}
@When("User Clicks on Consult Now button on Video Consult Page")
public void user_clicks_on_consult_now_button_on_video_consult_page() {
    // Write code here that turns the phrase above into concrete actions
    throw new io.cucumber.java.PendingException();
}
@When("enters the VALID symptom and phonenumber using Data Table")
public void enters_the_valid_symptom_and_phonenumber_using_data_table(io.cucumber.datatable.DataTable dataTable) {
    // Write code here that turns the phrase above into concrete actions
    // For automatic transformation, change DataTable to one of
    // E, List<E>, List<List<E>>, List<Map<K,V>>, Map<K,V> or
    // Map<K, List<V>>. E,K,V must be a String, Integer, Float,
    // Double, Byte, Short, Long, BigInteger or BigDecimal.
    //
    // For other transformations you can register a DataTableType.
    throw new io.cucumber.java.PendingException();
}
@Then("Continue button is active")
public void continue_button_is_active() {
    // Write code here that turns the phrase above into concrete actions
    throw new io.cucumber.java.PendingException();
}

at ✽.User clicks on Video Consult link from homepage(file:///C:/Users/lkadadas/Desktop/Sprint/Practo/src/test/resource/Features/PractoVideoConsult.feature:59)
]]>
    </failure>
  </testcase> <!-- runScenario -->
  <testcase classname="io.cucumber.testng.AbstractTestNGCucumberTests" name="runScenario" time="0.239">
    <failure type="io.cucumber.testng.UndefinedStepException" message="The step &amp;apos;User clicks on Video Consult link from homepage&amp;apos; and 2 other step(s) are undefined.
You can implement these steps using the snippet(s) below:

@When(&amp;quot;User clicks on Video Consult link from homepage&amp;quot;)
public void user_clicks_on_video_consult_link_from_homepage() {
    // Write code here that turns the phrase above into concrete actions
    throw new io.cucumber.java.PendingException();
}
@When(&amp;quot;User Clicks on Consult Now button on Video Consult Page&amp;quot;)
public void user_clicks_on_consult_now_button_on_video_consult_page() {
    // Write code here that turns the phrase above into concrete actions
    throw new io.cucumber.java.PendingException();
}
@Then(&amp;quot;Consultation form should be displayed successfully&amp;quot;)
public void consultation_form_should_be_displayed_successfully() {
    // Write code here that turns the phrase above into concrete actions
    throw new io.cucumber.java.PendingException();
}
">
      <![CDATA[io.cucumber.testng.UndefinedStepException: The step 'User clicks on Video Consult link from homepage' and 2 other step(s) are undefined.
You can implement these steps using the snippet(s) below:

@When("User clicks on Video Consult link from homepage")
public void user_clicks_on_video_consult_link_from_homepage() {
    // Write code here that turns the phrase above into concrete actions
    throw new io.cucumber.java.PendingException();
}
@When("User Clicks on Consult Now button on Video Consult Page")
public void user_clicks_on_consult_now_button_on_video_consult_page() {
    // Write code here that turns the phrase above into concrete actions
    throw new io.cucumber.java.PendingException();
}
@Then("Consultation form should be displayed successfully")
public void consultation_form_should_be_displayed_successfully() {
    // Write code here that turns the phrase above into concrete actions
    throw new io.cucumber.java.PendingException();
}

at ✽.User clicks on Video Consult link from homepage(file:///C:/Users/lkadadas/Desktop/Sprint/Practo/src/test/resource/Features/PractoVideoConsult.feature:10)
]]>
    </failure>
  </testcase> <!-- runScenario -->
  <testcase classname="io.cucumber.testng.AbstractTestNGCucumberTests" name="runScenario" time="0.239">
    <failure type="io.cucumber.testng.UndefinedStepException" message="The step &amp;apos;User clicks on Video Consult link from homepage&amp;apos; and 3 other step(s) are undefined.
You can implement these steps using the snippet(s) below:

@When(&amp;quot;User clicks on Video Consult link from homepage&amp;quot;)
public void user_clicks_on_video_consult_link_from_homepage() {
    // Write code here that turns the phrase above into concrete actions
    throw new io.cucumber.java.PendingException();
}
@When(&amp;quot;User scrolls to the bottom of the page&amp;quot;)
public void user_scrolls_to_the_bottom_of_the_page() {
    // Write code here that turns the phrase above into concrete actions
    throw new io.cucumber.java.PendingException();
}
@When(&amp;quot;User clicks on the LinkedIn button&amp;quot;)
public void user_clicks_on_the_linked_in_button() {
    // Write code here that turns the phrase above into concrete actions
    throw new io.cucumber.java.PendingException();
}
@Then(&amp;quot;Practo LinkedIn page should open in a new tab&amp;quot;)
public void practo_linked_in_page_should_open_in_a_new_tab() {
    // Write code here that turns the phrase above into concrete actions
    throw new io.cucumber.java.PendingException();
}
">
      <![CDATA[io.cucumber.testng.UndefinedStepException: The step 'User clicks on Video Consult link from homepage' and 3 other step(s) are undefined.
You can implement these steps using the snippet(s) below:

@When("User clicks on Video Consult link from homepage")
public void user_clicks_on_video_consult_link_from_homepage() {
    // Write code here that turns the phrase above into concrete actions
    throw new io.cucumber.java.PendingException();
}
@When("User scrolls to the bottom of the page")
public void user_scrolls_to_the_bottom_of_the_page() {
    // Write code here that turns the phrase above into concrete actions
    throw new io.cucumber.java.PendingException();
}
@When("User clicks on the LinkedIn button")
public void user_clicks_on_the_linked_in_button() {
    // Write code here that turns the phrase above into concrete actions
    throw new io.cucumber.java.PendingException();
}
@Then("Practo LinkedIn page should open in a new tab")
public void practo_linked_in_page_should_open_in_a_new_tab() {
    // Write code here that turns the phrase above into concrete actions
    throw new io.cucumber.java.PendingException();
}

at ✽.User clicks on Video Consult link from homepage(file:///C:/Users/lkadadas/Desktop/Sprint/Practo/src/test/resource/Features/PractoVideoConsult.feature:43)
]]>
    </failure>
  </testcase> <!-- runScenario -->
</testsuite> <!-- Test -->
