<?xml version="1.0" encoding="UTF-8"?>
<testsuite name="Cucumber" time="378.818" tests="5" skipped="0" failures="4" errors="0" timestamp="2025-07-10T08:46:08.801787Z">
<testcase classname="To validate the different functionalities of Practo Find Doctor Page" name="Validate the page for Booking a Surgery Appointment   #using ExcelSheet - #1.1" time="71.32">
<system-out><![CDATA[
Given User is on Practo HomePage............................................passed
When user clicks on the module page.........................................passed
And clicks on the Surgeries popup...........................................passed
And scrolls down and clicks Cataract option.................................passed
And enters the "10" and "11"................................................passed
Then validate the Book Appointment button...................................passed
]]></system-out>
</testcase>
<testcase classname="To validate the different functionalities of Practo Find Doctor Page" name="Validate the page for Booking a Surgery Appointment   #using ExcelSheet - #1.2" time="32.646">
<failure type="junit.framework.AssertionFailedError">
<![CDATA[junit.framework.AssertionFailedError
	at junit.framework.Assert.fail(Assert.java:55)
	at junit.framework.Assert.assertTrue(Assert.java:22)
	at junit.framework.Assert.assertTrue(Assert.java:31)
	at com.stepDefinition.Test.validate_the_book_appointment_button(Test.java:233)
	at ✽.validate the Book Appointment button(file:///C:/Users/manvsriv/Practo/PractoAutomation/src/test/resource/Features/Practo.feature:37)
]]>
</failure>
<system-out><![CDATA[
Given User is on Practo HomePage............................................passed
When user clicks on the module page.........................................passed
And clicks on the Surgeries popup...........................................passed
And scrolls down and clicks Cataract option.................................passed
And enters the "20" and "21"................................................passed
Then validate the Book Appointment button...................................failed
]]></system-out>
</testcase>
<testcase classname="To validate the different functionalities of Practo Find Doctor Page" name="Validate booking Video Consultation with Invalid credentials    #usingPropertyFile" time="7.364">
<failure type="org.openqa.selenium.NoSuchElementException" message="no such element: Unable to locate element: {&quot;method&quot;:&quot;xpath&quot;,&quot;selector&quot;:&quot;//textarea[@placeholder='Eg: fever, headache']&quot;}
  (Session info: chrome=138.0.7204.97)
For documentation on this error, please visit: https://www.selenium.dev/documentation/webdriver/troubleshooting/errors#no-such-element-exception
Build info: version: '4.34.0', revision: '707dcb4246*'
System info: os.name: 'Windows 11', os.arch: 'amd64', os.version: '10.0', java.version: '21.0.7'
Driver info: org.openqa.selenium.chrome.ChromeDriver
Command: [790f2b520921fd85b64ec2af90bde765, findElement {value=//textarea[@placeholder='Eg: fever, headache'], using=xpath}]
Capabilities {acceptInsecureCerts: false, browserName: chrome, browserVersion: 138.0.7204.97, chrome: {chromedriverVersion: 138.0.7204.94 (545025748884..., userDataDir: C:\Users\manvsriv\AppData\L...}, fedcm:accounts: true, goog:chromeOptions: {debuggerAddress: localhost:55307}, networkConnectionEnabled: false, pageLoadStrategy: normal, platformName: windows, proxy: Proxy(), se:cdp: ws://localhost:55307/devtoo..., se:cdpVersion: 138.0.7204.97, setWindowRect: true, strictFileInteractability: false, timeouts: {implicit: 0, pageLoad: 300000, script: 30000}, unhandledPromptBehavior: dismiss and notify, webauthn:extension:credBlob: true, webauthn:extension:largeBlob: true, webauthn:extension:minPinLength: true, webauthn:extension:prf: true, webauthn:virtualAuthenticators: true}
Session ID: 790f2b520921fd85b64ec2af90bde765">
<![CDATA[org.openqa.selenium.NoSuchElementException: no such element: Unable to locate element: {"method":"xpath","selector":"//textarea[@placeholder='Eg: fever, headache']"}
  (Session info: chrome=138.0.7204.97)
For documentation on this error, please visit: https://www.selenium.dev/documentation/webdriver/troubleshooting/errors#no-such-element-exception
Build info: version: '4.34.0', revision: '707dcb4246*'
System info: os.name: 'Windows 11', os.arch: 'amd64', os.version: '10.0', java.version: '21.0.7'
Driver info: org.openqa.selenium.chrome.ChromeDriver
Command: [790f2b520921fd85b64ec2af90bde765, findElement {value=//textarea[@placeholder='Eg: fever, headache'], using=xpath}]
Capabilities {acceptInsecureCerts: false, browserName: chrome, browserVersion: 138.0.7204.97, chrome: {chromedriverVersion: 138.0.7204.94 (545025748884..., userDataDir: C:\Users\manvsriv\AppData\L...}, fedcm:accounts: true, goog:chromeOptions: {debuggerAddress: localhost:55307}, networkConnectionEnabled: false, pageLoadStrategy: normal, platformName: windows, proxy: Proxy(), se:cdp: ws://localhost:55307/devtoo..., se:cdpVersion: 138.0.7204.97, setWindowRect: true, strictFileInteractability: false, timeouts: {implicit: 0, pageLoad: 300000, script: 30000}, unhandledPromptBehavior: dismiss and notify, webauthn:extension:credBlob: true, webauthn:extension:largeBlob: true, webauthn:extension:minPinLength: true, webauthn:extension:prf: true, webauthn:virtualAuthenticators: true}
Session ID: 790f2b520921fd85b64ec2af90bde765
	at java.base/jdk.internal.reflect.DirectConstructorHandleAccessor.newInstance(DirectConstructorHandleAccessor.java:62)
	at java.base/java.lang.reflect.Constructor.newInstanceWithCaller(Constructor.java:502)
	at java.base/java.lang.reflect.Constructor.newInstance(Constructor.java:486)
	at org.openqa.selenium.remote.ErrorCodec.decode(ErrorCodec.java:167)
	at org.openqa.selenium.remote.codec.w3c.W3CHttpResponseCodec.decode(W3CHttpResponseCodec.java:138)
	at org.openqa.selenium.remote.codec.w3c.W3CHttpResponseCodec.decode(W3CHttpResponseCodec.java:50)
	at org.openqa.selenium.remote.HttpCommandExecutor.execute(HttpCommandExecutor.java:215)
	at org.openqa.selenium.remote.service.DriverCommandExecutor.invokeExecute(DriverCommandExecutor.java:216)
	at org.openqa.selenium.remote.service.DriverCommandExecutor.execute(DriverCommandExecutor.java:174)
	at org.openqa.selenium.remote.RemoteWebDriver.execute(RemoteWebDriver.java:544)
	at org.openqa.selenium.remote.ElementLocation$ElementFinder$2.findElement(ElementLocation.java:165)
	at org.openqa.selenium.remote.ElementLocation.findElement(ElementLocation.java:59)
	at org.openqa.selenium.remote.RemoteWebDriver.findElement(RemoteWebDriver.java:367)
	at org.openqa.selenium.remote.RemoteWebDriver.findElement(RemoteWebDriver.java:361)
	at org.openqa.selenium.support.pagefactory.DefaultElementLocator.findElement(DefaultElementLocator.java:68)
	at org.openqa.selenium.support.pagefactory.internal.LocatingElementHandler.invoke(LocatingElementHandler.java:38)
	at jdk.proxy2/jdk.proxy2.$Proxy20.sendKeys(Unknown Source)
	at com.pages.VideoConsultConfirmPage.enterData(VideoConsultConfirmPage.java:47)
	at com.stepDefinition.Test.enters_the_invalid_symptom_and_phonenumber_using_property_file(Test.java:317)
	at ✽.enters the INVALID symptom and phonenumber using Property file(file:///C:/Users/manvsriv/Practo/PractoAutomation/src/test/resource/Features/Practo.feature:58)
]]>
</failure>
<system-out><![CDATA[
Given User is on Practo HomePage............................................passed
When user clicks on FindDoc button on HomePage..............................passed
And clicks on consult with a Doctor button on the module page...............passed
And clicks on Consult Now button on the page................................passed
And enters the INVALID symptom and phonenumber using Property file..........failed
Then OTP PopUp appears......................................................skipped
]]></system-out>
</testcase>
<testcase classname="To validate the different functionalities of Practo Find Doctor Page" name="Validate Booking Clinic visit using Valid and Invalid Credentials    #using ExcelSheet - #1.1" time="205.528">
<failure type="org.openqa.selenium.TimeoutException" message="Expected condition failed: waiting for element to be clickable: Proxy element for: DefaultElementLocator 'By.xpath: //label[text()='Someone Else']' (tried for 8 second(s) with 500 milliseconds interval)">
<![CDATA[org.openqa.selenium.TimeoutException: Expected condition failed: waiting for element to be clickable: Proxy element for: DefaultElementLocator 'By.xpath: //label[text()='Someone Else']' (tried for 8 second(s) with 500 milliseconds interval)
	at org.openqa.selenium.support.ui.WebDriverWait.timeoutException(WebDriverWait.java:84)
	at org.openqa.selenium.support.ui.FluentWait.until(FluentWait.java:228)
	at com.pages.BasePage.waitUntilWebElementIsClickable(BasePage.java:30)
	at com.pages.PatientDetailsPage.enterdetails(PatientDetailsPage.java:28)
	at com.stepDefinition.Test.enters_both_valid_and_invalid_credentials_from_and(Test.java:361)
	at ✽.enters both Valid and Invalid Credentials from 0 and 1(file:///C:/Users/manvsriv/Practo/PractoAutomation/src/test/resource/Features/Practo.feature:68)
Caused by: org.openqa.selenium.NoSuchElementException: no such element: Unable to locate element: {"method":"xpath","selector":"//label[text()='Someone Else']"}
  (Session info: chrome=138.0.7204.97)
For documentation on this error, please visit: https://www.selenium.dev/documentation/webdriver/troubleshooting/errors#no-such-element-exception
Build info: version: '4.34.0', revision: '707dcb4246*'
System info: os.name: 'Windows 11', os.arch: 'amd64', os.version: '10.0', java.version: '21.0.7'
Driver info: org.openqa.selenium.chrome.ChromeDriver
Command: [d20e09625ade020115f5df89c09cafa4, findElement {value=//label[text()='Someone Else'], using=xpath}]
Capabilities {acceptInsecureCerts: false, browserName: chrome, browserVersion: 138.0.7204.97, chrome: {chromedriverVersion: 138.0.7204.94 (545025748884..., userDataDir: C:\Users\manvsriv\AppData\L...}, fedcm:accounts: true, goog:chromeOptions: {debuggerAddress: localhost:55480}, networkConnectionEnabled: false, pageLoadStrategy: normal, platformName: windows, proxy: Proxy(), se:cdp: ws://localhost:55480/devtoo..., se:cdpVersion: 138.0.7204.97, setWindowRect: true, strictFileInteractability: false, timeouts: {implicit: 0, pageLoad: 300000, script: 30000}, unhandledPromptBehavior: dismiss and notify, webauthn:extension:credBlob: true, webauthn:extension:largeBlob: true, webauthn:extension:minPinLength: true, webauthn:extension:prf: true, webauthn:virtualAuthenticators: true}
Session ID: d20e09625ade020115f5df89c09cafa4
	at java.base/jdk.internal.reflect.DirectConstructorHandleAccessor.newInstance(DirectConstructorHandleAccessor.java:62)
	at java.base/java.lang.reflect.Constructor.newInstanceWithCaller(Constructor.java:502)
	at java.base/java.lang.reflect.Constructor.newInstance(Constructor.java:486)
	at org.openqa.selenium.remote.ErrorCodec.decode(ErrorCodec.java:167)
	at org.openqa.selenium.remote.codec.w3c.W3CHttpResponseCodec.decode(W3CHttpResponseCodec.java:138)
	at org.openqa.selenium.remote.codec.w3c.W3CHttpResponseCodec.decode(W3CHttpResponseCodec.java:50)
	at org.openqa.selenium.remote.HttpCommandExecutor.execute(HttpCommandExecutor.java:215)
	at org.openqa.selenium.remote.service.DriverCommandExecutor.invokeExecute(DriverCommandExecutor.java:216)
	at org.openqa.selenium.remote.service.DriverCommandExecutor.execute(DriverCommandExecutor.java:174)
	at org.openqa.selenium.remote.RemoteWebDriver.execute(RemoteWebDriver.java:544)
	at org.openqa.selenium.remote.ElementLocation$ElementFinder$2.findElement(ElementLocation.java:165)
	at org.openqa.selenium.remote.ElementLocation.findElement(ElementLocation.java:59)
	at org.openqa.selenium.remote.RemoteWebDriver.findElement(RemoteWebDriver.java:367)
	at org.openqa.selenium.remote.RemoteWebDriver.findElement(RemoteWebDriver.java:361)
	at org.openqa.selenium.support.pagefactory.DefaultElementLocator.findElement(DefaultElementLocator.java:68)
	at org.openqa.selenium.support.pagefactory.internal.LocatingElementHandler.invoke(LocatingElementHandler.java:38)
	at jdk.proxy2/jdk.proxy2.$Proxy20.isDisplayed(Unknown Source)
	at org.openqa.selenium.support.ui.ExpectedConditions.elementIfVisible(ExpectedConditions.java:304)
	at org.openqa.selenium.support.ui.ExpectedConditions$10.apply(ExpectedConditions.java:290)
	at org.openqa.selenium.support.ui.ExpectedConditions$10.apply(ExpectedConditions.java:287)
	at org.openqa.selenium.support.ui.ExpectedConditions$23.apply(ExpectedConditions.java:656)
	at org.openqa.selenium.support.ui.ExpectedConditions$23.apply(ExpectedConditions.java:652)
	at org.openqa.selenium.support.ui.FluentWait.until(FluentWait.java:203)
	... 4 more
]]>
</failure>
<system-out><![CDATA[
Given User is on Practo HomePage............................................passed
When user clicks on module page icon on home page...........................passed
And clicks on Pediatrician option on Module Page............................passed
And applies filters.........................................................passed
And clicks on Book Clinic Visit.............................................passed
And enters OTP..............................................................passed
And enters both Valid and Invalid Credentials from 0 and 1..................failed
Then Booking Confirmation page should appear................................skipped
]]></system-out>
</testcase>
<testcase classname="To validate the different functionalities of Practo Find Doctor Page" name="Validate Booking Clinic visit using Valid and Invalid Credentials    #using ExcelSheet - #1.2" time="61.718">
<failure type="org.openqa.selenium.TimeoutException" message="Expected condition failed: waiting for element to be clickable: Proxy element for: DefaultElementLocator 'By.xpath: //label[text()='Someone Else']' (tried for 8 second(s) with 500 milliseconds interval)">
<![CDATA[org.openqa.selenium.TimeoutException: Expected condition failed: waiting for element to be clickable: Proxy element for: DefaultElementLocator 'By.xpath: //label[text()='Someone Else']' (tried for 8 second(s) with 500 milliseconds interval)
	at org.openqa.selenium.support.ui.WebDriverWait.timeoutException(WebDriverWait.java:84)
	at org.openqa.selenium.support.ui.FluentWait.until(FluentWait.java:228)
	at com.pages.BasePage.waitUntilWebElementIsClickable(BasePage.java:30)
	at com.pages.PatientDetailsPage.enterdetails(PatientDetailsPage.java:28)
	at com.stepDefinition.Test.enters_both_valid_and_invalid_credentials_from_and(Test.java:361)
	at ✽.enters both Valid and Invalid Credentials from 0 and 3(file:///C:/Users/manvsriv/Practo/PractoAutomation/src/test/resource/Features/Practo.feature:68)
Caused by: org.openqa.selenium.NoSuchElementException: no such element: Unable to locate element: {"method":"xpath","selector":"//label[text()='Someone Else']"}
  (Session info: chrome=138.0.7204.97)
For documentation on this error, please visit: https://www.selenium.dev/documentation/webdriver/troubleshooting/errors#no-such-element-exception
Build info: version: '4.34.0', revision: '707dcb4246*'
System info: os.name: 'Windows 11', os.arch: 'amd64', os.version: '10.0', java.version: '21.0.7'
Driver info: org.openqa.selenium.chrome.ChromeDriver
Command: [560d1057ec3e390c3b9c6032fca08d44, findElement {value=//label[text()='Someone Else'], using=xpath}]
Capabilities {acceptInsecureCerts: false, browserName: chrome, browserVersion: 138.0.7204.97, chrome: {chromedriverVersion: 138.0.7204.94 (545025748884..., userDataDir: C:\Users\manvsriv\AppData\L...}, fedcm:accounts: true, goog:chromeOptions: {debuggerAddress: localhost:55975}, networkConnectionEnabled: false, pageLoadStrategy: normal, platformName: windows, proxy: Proxy(), se:cdp: ws://localhost:55975/devtoo..., se:cdpVersion: 138.0.7204.97, setWindowRect: true, strictFileInteractability: false, timeouts: {implicit: 0, pageLoad: 300000, script: 30000}, unhandledPromptBehavior: dismiss and notify, webauthn:extension:credBlob: true, webauthn:extension:largeBlob: true, webauthn:extension:minPinLength: true, webauthn:extension:prf: true, webauthn:virtualAuthenticators: true}
Session ID: 560d1057ec3e390c3b9c6032fca08d44
	at java.base/jdk.internal.reflect.DirectConstructorHandleAccessor.newInstance(DirectConstructorHandleAccessor.java:62)
	at java.base/java.lang.reflect.Constructor.newInstanceWithCaller(Constructor.java:502)
	at java.base/java.lang.reflect.Constructor.newInstance(Constructor.java:486)
	at org.openqa.selenium.remote.ErrorCodec.decode(ErrorCodec.java:167)
	at org.openqa.selenium.remote.codec.w3c.W3CHttpResponseCodec.decode(W3CHttpResponseCodec.java:138)
	at org.openqa.selenium.remote.codec.w3c.W3CHttpResponseCodec.decode(W3CHttpResponseCodec.java:50)
	at org.openqa.selenium.remote.HttpCommandExecutor.execute(HttpCommandExecutor.java:215)
	at org.openqa.selenium.remote.service.DriverCommandExecutor.invokeExecute(DriverCommandExecutor.java:216)
	at org.openqa.selenium.remote.service.DriverCommandExecutor.execute(DriverCommandExecutor.java:174)
	at org.openqa.selenium.remote.RemoteWebDriver.execute(RemoteWebDriver.java:544)
	at org.openqa.selenium.remote.ElementLocation$ElementFinder$2.findElement(ElementLocation.java:165)
	at org.openqa.selenium.remote.ElementLocation.findElement(ElementLocation.java:59)
	at org.openqa.selenium.remote.RemoteWebDriver.findElement(RemoteWebDriver.java:367)
	at org.openqa.selenium.remote.RemoteWebDriver.findElement(RemoteWebDriver.java:361)
	at org.openqa.selenium.support.pagefactory.DefaultElementLocator.findElement(DefaultElementLocator.java:68)
	at org.openqa.selenium.support.pagefactory.internal.LocatingElementHandler.invoke(LocatingElementHandler.java:38)
	at jdk.proxy2/jdk.proxy2.$Proxy20.isDisplayed(Unknown Source)
	at org.openqa.selenium.support.ui.ExpectedConditions.elementIfVisible(ExpectedConditions.java:304)
	at org.openqa.selenium.support.ui.ExpectedConditions$10.apply(ExpectedConditions.java:290)
	at org.openqa.selenium.support.ui.ExpectedConditions$10.apply(ExpectedConditions.java:287)
	at org.openqa.selenium.support.ui.ExpectedConditions$23.apply(ExpectedConditions.java:656)
	at org.openqa.selenium.support.ui.ExpectedConditions$23.apply(ExpectedConditions.java:652)
	at org.openqa.selenium.support.ui.FluentWait.until(FluentWait.java:203)
	... 4 more
]]>
</failure>
<system-out><![CDATA[
Given User is on Practo HomePage............................................passed
When user clicks on module page icon on home page...........................passed
And clicks on Pediatrician option on Module Page............................passed
And applies filters.........................................................passed
And clicks on Book Clinic Visit.............................................passed
And enters OTP..............................................................passed
And enters both Valid and Invalid Credentials from 0 and 3..................failed
Then Booking Confirmation page should appear................................skipped
]]></system-out>
</testcase>
</testsuite>
