<?xml version="1.0" encoding="UTF-8"?>
<testng-results ignored="0" total="0" passed="0" failed="0" skipped="0">
  <reporter-output>
  </reporter-output>
  <suite started-at="2025-07-10T09:30:34 IST" name="Suite" finished-at="2025-07-10T09:30:35 IST" duration-ms="495">
    <groups>
      <group name="cucumber">
        <method signature="AbstractTestNGCucumberTests.runScenario(io.cucumber.testng.PickleWrapper,io.cucumber.testng.FeatureWrapper)[pri:0, instance:com.runner.TestRunnerParallelTest@4e50c791]" name="runScenario" class="io.cucumber.testng.AbstractTestNGCucumberTests"/>
      </group> <!-- cucumber -->
    </groups>
    <test started-at="2025-07-10T09:30:34 IST" name="Test" finished-at="2025-07-10T09:30:35 IST" duration-ms="495">
      <class name="com.runner.TestRunnerParallelTest">
        <test-method is-config="true" signature="setUpClass(org.testng.ITestContext)[pri:0, instance:com.runner.TestRunnerParallelTest@4e50c791]" started-at="2025-07-10T09:30:34 IST" name="setUpClass" finished-at="2025-07-10T09:30:35 IST" duration-ms="396" status="PASS">
          <params>
            <param index="0">
              <value>
                <![CDATA[org.testng.TestRunner@7fc4780b]]>
              </value>
            </param>
          </params>
          <reporter-output>
          </reporter-output>
        </test-method> <!-- setUpClass -->
        <test-method is-config="true" signature="tearDownClass()[pri:0, instance:com.runner.TestRunnerParallelTest@4e50c791]" started-at="2025-07-10T09:30:35 IST" name="tearDownClass" finished-at="2025-07-10T09:30:35 IST" duration-ms="8" status="PASS">
          <reporter-output>
          </reporter-output>
        </test-method> <!-- tearDownClass -->
      </class> <!-- com.runner.TestRunnerParallelTest -->
    </test> <!-- Test -->
  </suite> <!-- Suite -->
</testng-results>
