<?xml version="1.0" encoding="UTF-8"?>
<!-- Generated by org.testng.reporters.JUnitReportReporter -->
<testsuite hostname="LIN-PF263PK1" failures="0" tests="6" name="com.runner.TestRunnerTestNG" time="99.606" errors="0" timestamp="2025-07-10T16:26:17 IST" skipped="0">
  <testcase classname="com.runner.TestRunnerTestNG" name="runScenario" time="16.082"/>
  <system-out/>
  <testcase classname="com.runner.TestRunnerTestNG" name="runScenario" time="17.975"/>
  <system-out/>
  <testcase classname="com.runner.TestRunnerTestNG" name="runScenario" time="16.170"/>
  <system-out/>
  <testcase classname="com.runner.TestRunnerTestNG" name="runScenario" time="13.266"/>
  <system-out/>
  <testcase classname="com.runner.TestRunnerTestNG" name="runScenario" time="20.363"/>
  <system-out/>
  <testcase classname="com.runner.TestRunnerTestNG" name="runScenario" time="15.750"/>
  <system-out/>
</testsuite> <!-- com.runner.TestRunnerTestNG -->
