<?xml version="1.0" encoding="UTF-8"?>
<!-- Generated by org.testng.reporters.JUnitReportReporter -->
<testsuite hostname="LIN-5CG5202BQN" failures="1" tests="9" name="com.runner.RunnerCodewithTestNG" time="200.618" errors="2" timestamp="2025-07-09T15:08:49 IST" skipped="0">
  <testcase classname="com.runner.RunnerCodewithTestNG" name="runScenario" time="10.039"/>
  <testcase classname="com.runner.RunnerCodewithTestNG" name="runScenario" time="13.728"/>
  <testcase classname="com.runner.RunnerCodewithTestNG" name="runScenario" time="10.094"/>
  <testcase classname="com.runner.RunnerCodewithTestNG" name="runScenario" time="13.342"/>
  <testcase classname="com.runner.RunnerCodewithTestNG" name="runScenario" time="11.153">
    <failure type="junit.framework.AssertionFailedError">
      <![CDATA[junit.framework.AssertionFailedError
at junit.framework.Assert.fail(Assert.java:55)
at junit.framework.Assert.assertTrue(Assert.java:22)
at junit.framework.Assert.assertTrue(Assert.java:31)
at com.stepDefinition.Test.validate_the_book_appointment_button(Test.java:233)
at ✽.validate the Book Appointment button(file:///C:/Users/manvsriv/Practo/PractoAutomation/src/test/resource/Features/Practo.feature:37)
]]>
    </failure>
  </testcase> <!-- runScenario -->
  <testcase classname="com.runner.RunnerCodewithTestNG" name="runScenario" time="13.641"/>
  <testcase classname="com.runner.RunnerCodewithTestNG" name="runScenario" time="50.570"/>
  <testcase classname="com.runner.RunnerCodewithTestNG" name="runScenario" time="64.294">
    <error message="Expected condition failed: waiting for visibility of Proxy element for: DefaultElementLocator &#039;By.xpath: //div[text()=&#039;We will send you an SMS and email with the appointment and practice details&#039;]&#039; (tried for 8 second(s) with 500 milliseconds interval)" type="org.openqa.selenium.TimeoutException">
      <![CDATA[org.openqa.selenium.TimeoutException: Expected condition failed: waiting for visibility of Proxy element for: DefaultElementLocator 'By.xpath: //div[text()='We will send you an SMS and email with the appointment and practice details']' (tried for 8 second(s) with 500 milliseconds interval)
at org.openqa.selenium.support.ui.WebDriverWait.timeoutException(WebDriverWait.java:84)
at org.openqa.selenium.support.ui.FluentWait.until(FluentWait.java:228)
at com.pages.BasePage.waitUntilWebElementIsVisible(BasePage.java:24)
at com.pages.PatientDetailsPage.validate(PatientDetailsPage.java:39)
at com.stepDefinition.Test.booking_confirmation_page_should_appear(Test.java:366)
at ✽.Booking Confirmation page should appear(file:///C:/Users/manvsriv/Practo/PractoAutomation/src/test/resource/Features/Practo.feature:69)
Caused by: org.openqa.selenium.NoSuchElementException: no such element: Unable to locate element: {"method":"xpath","selector":"//div[text()='We will send you an SMS and email with the appointment and practice details']"}
  (Session info: MicrosoftEdge=138.0.3351.77)
For documentation on this error, please visit: https://www.selenium.dev/documentation/webdriver/troubleshooting/errors#no-such-element-exception
Build info: version: '4.34.0', revision: '707dcb4246*'
System info: os.name: 'Windows 11', os.arch: 'amd64', os.version: '10.0', java.version: '21.0.7'
Driver info: org.openqa.selenium.edge.EdgeDriver
Command: [ed19a34e5d4cd28bdd84d2fb9a849c90, findElement {using=xpath, value=//div[text()='We will send you an SMS and email with the appointment and practice details']}]
Capabilities {acceptInsecureCerts: false, browserName: MicrosoftEdge, browserVersion: 138.0.3351.77, fedcm:accounts: true, ms:edgeOptions: {debuggerAddress: localhost:65288}, msedge: {msedgedriverVersion: 138.0.3351.77 (efaf6935b436..., userDataDir: C:\Users\manvsriv\AppData\L...}, networkConnectionEnabled: false, pageLoadStrategy: normal, platformName: windows, proxy: Proxy(), se:cdp: ws://localhost:65288/devtoo..., se:cdpVersion: 138.0.3351.77, setWindowRect: true, strictFileInteractability: false, timeouts: {implicit: 0, pageLoad: 300000, script: 30000}, unhandledPromptBehavior: dismiss and notify, webauthn:extension:credBlob: true, webauthn:extension:largeBlob: true, webauthn:extension:minPinLength: true, webauthn:extension:prf: true, webauthn:virtualAuthenticators: true}
Session ID: ed19a34e5d4cd28bdd84d2fb9a849c90
at java.base/jdk.internal.reflect.DirectConstructorHandleAccessor.newInstance(DirectConstructorHandleAccessor.java:62)
at java.base/java.lang.reflect.Constructor.newInstanceWithCaller(Constructor.java:502)
at java.base/java.lang.reflect.Constructor.newInstance(Constructor.java:486)
at org.openqa.selenium.remote.ErrorCodec.decode(ErrorCodec.java:167)
at org.openqa.selenium.remote.codec.w3c.W3CHttpResponseCodec.decode(W3CHttpResponseCodec.java:138)
at org.openqa.selenium.remote.codec.w3c.W3CHttpResponseCodec.decode(W3CHttpResponseCodec.java:50)
at org.openqa.selenium.remote.HttpCommandExecutor.execute(HttpCommandExecutor.java:215)
at org.openqa.selenium.remote.service.DriverCommandExecutor.invokeExecute(DriverCommandExecutor.java:216)
at org.openqa.selenium.remote.service.DriverCommandExecutor.execute(DriverCommandExecutor.java:174)
at org.openqa.selenium.remote.RemoteWebDriver.execute(RemoteWebDriver.java:544)
at org.openqa.selenium.remote.ElementLocation$ElementFinder$2.findElement(ElementLocation.java:165)
at org.openqa.selenium.remote.ElementLocation.findElement(ElementLocation.java:59)
at org.openqa.selenium.remote.RemoteWebDriver.findElement(RemoteWebDriver.java:367)
at org.openqa.selenium.remote.RemoteWebDriver.findElement(RemoteWebDriver.java:361)
at org.openqa.selenium.support.pagefactory.DefaultElementLocator.findElement(DefaultElementLocator.java:68)
at org.openqa.selenium.support.pagefactory.internal.LocatingElementHandler.invoke(LocatingElementHandler.java:38)
at jdk.proxy2/jdk.proxy2.$Proxy25.isDisplayed(Unknown Source)
at org.openqa.selenium.support.ui.ExpectedConditions.elementIfVisible(ExpectedConditions.java:304)
at org.openqa.selenium.support.ui.ExpectedConditions$10.apply(ExpectedConditions.java:290)
at org.openqa.selenium.support.ui.ExpectedConditions$10.apply(ExpectedConditions.java:287)
at org.openqa.selenium.support.ui.FluentWait.until(FluentWait.java:203)
... 4 more
]]>
    </error>
  </testcase> <!-- runScenario -->
  <testcase classname="com.runner.RunnerCodewithTestNG" name="runScenario" time="13.757">
    <error message="no such element: Unable to locate element: {&quot;method&quot;:&quot;xpath&quot;,&quot;selector&quot;:&quot;//label[text()=&#039;Choose a relevant speciality&#039;]&quot;}
  (Session info: MicrosoftEdge=138.0.3351.77)
For documentation on this error, please visit: https://www.selenium.dev/documentation/webdriver/troubleshooting/errors#no-such-element-exception
Build info: version: &#039;4.34.0&#039;, revision: &#039;707dcb4246*&#039;
System info: os.name: &#039;Windows 11&#039;, os.arch: &#039;amd64&#039;, os.version: &#039;10.0&#039;, java.version: &#039;21.0.7&#039;
Driver info: org.openqa.selenium.edge.EdgeDriver
Command: [142edb87fc149c6bef2238f292d9bd45, findElement {using=xpath, value=//label[text()=&#039;Choose a relevant speciality&#039;]}]
Capabilities {acceptInsecureCerts: false, browserName: MicrosoftEdge, browserVersion: 138.0.3351.77, fedcm:accounts: true, ms:edgeOptions: {debuggerAddress: localhost:64700}, msedge: {msedgedriverVersion: 138.0.3351.77 (efaf6935b436..., userDataDir: C:\Users\manvsriv\AppData\L...}, networkConnectionEnabled: false, pageLoadStrategy: normal, platformName: windows, proxy: Proxy(), se:cdp: ws://localhost:64700/devtoo..., se:cdpVersion: 138.0.3351.77, setWindowRect: true, strictFileInteractability: false, timeouts: {implicit: 0, pageLoad: 300000, script: 30000}, unhandledPromptBehavior: dismiss and notify, webauthn:extension:credBlob: true, webauthn:extension:largeBlob: true, webauthn:extension:minPinLength: true, webauthn:extension:prf: true, webauthn:virtualAuthenticators: true}
Session ID: 142edb87fc149c6bef2238f292d9bd45" type="org.openqa.selenium.NoSuchElementException">
      <![CDATA[org.openqa.selenium.NoSuchElementException: no such element: Unable to locate element: {"method":"xpath","selector":"//label[text()='Choose a relevant speciality']"}
  (Session info: MicrosoftEdge=138.0.3351.77)
For documentation on this error, please visit: https://www.selenium.dev/documentation/webdriver/troubleshooting/errors#no-such-element-exception
Build info: version: '4.34.0', revision: '707dcb4246*'
System info: os.name: 'Windows 11', os.arch: 'amd64', os.version: '10.0', java.version: '21.0.7'
Driver info: org.openqa.selenium.edge.EdgeDriver
Command: [142edb87fc149c6bef2238f292d9bd45, findElement {using=xpath, value=//label[text()='Choose a relevant speciality']}]
Capabilities {acceptInsecureCerts: false, browserName: MicrosoftEdge, browserVersion: 138.0.3351.77, fedcm:accounts: true, ms:edgeOptions: {debuggerAddress: localhost:64700}, msedge: {msedgedriverVersion: 138.0.3351.77 (efaf6935b436..., userDataDir: C:\Users\manvsriv\AppData\L...}, networkConnectionEnabled: false, pageLoadStrategy: normal, platformName: windows, proxy: Proxy(), se:cdp: ws://localhost:64700/devtoo..., se:cdpVersion: 138.0.3351.77, setWindowRect: true, strictFileInteractability: false, timeouts: {implicit: 0, pageLoad: 300000, script: 30000}, unhandledPromptBehavior: dismiss and notify, webauthn:extension:credBlob: true, webauthn:extension:largeBlob: true, webauthn:extension:minPinLength: true, webauthn:extension:prf: true, webauthn:virtualAuthenticators: true}
Session ID: 142edb87fc149c6bef2238f292d9bd45
at java.base/jdk.internal.reflect.DirectConstructorHandleAccessor.newInstance(DirectConstructorHandleAccessor.java:62)
at java.base/java.lang.reflect.Constructor.newInstanceWithCaller(Constructor.java:502)
at java.base/java.lang.reflect.Constructor.newInstance(Constructor.java:486)
at org.openqa.selenium.remote.ErrorCodec.decode(ErrorCodec.java:167)
at org.openqa.selenium.remote.codec.w3c.W3CHttpResponseCodec.decode(W3CHttpResponseCodec.java:138)
at org.openqa.selenium.remote.codec.w3c.W3CHttpResponseCodec.decode(W3CHttpResponseCodec.java:50)
at org.openqa.selenium.remote.HttpCommandExecutor.execute(HttpCommandExecutor.java:215)
at org.openqa.selenium.remote.service.DriverCommandExecutor.invokeExecute(DriverCommandExecutor.java:216)
at org.openqa.selenium.remote.service.DriverCommandExecutor.execute(DriverCommandExecutor.java:174)
at org.openqa.selenium.remote.RemoteWebDriver.execute(RemoteWebDriver.java:544)
at org.openqa.selenium.remote.ElementLocation$ElementFinder$2.findElement(ElementLocation.java:165)
at org.openqa.selenium.remote.ElementLocation.findElement(ElementLocation.java:59)
at org.openqa.selenium.remote.RemoteWebDriver.findElement(RemoteWebDriver.java:367)
at org.openqa.selenium.remote.RemoteWebDriver.findElement(RemoteWebDriver.java:361)
at org.openqa.selenium.support.pagefactory.DefaultElementLocator.findElement(DefaultElementLocator.java:68)
at org.openqa.selenium.support.pagefactory.internal.LocatingElementHandler.invoke(LocatingElementHandler.java:38)
at jdk.proxy2/jdk.proxy2.$Proxy25.isDisplayed(Unknown Source)
at com.pages.VideoConsultConfirmPage.validate(VideoConsultConfirmPage.java:65)
at com.stepDefinition.Test.otp_pop_up_appears(Test.java:321)
at ✽.OTP PopUp appears(file:///C:/Users/manvsriv/Practo/PractoAutomation/src/test/resource/Features/Practo.feature:59)
]]>
    </error>
  </testcase> <!-- runScenario -->
</testsuite> <!-- com.runner.RunnerCodewithTestNG -->
