<?xml version="1.0" encoding="UTF-8"?>
<!-- Generated by org.testng.reporters.JUnitReportReporter -->
<testsuite hostname="LIN-PF263PK1" failures="0" tests="6" name="com.runner.TestRunnerTestNG" time="91.357" errors="0" timestamp="2025-07-11T15:20:14 IST" skipped="0">
  <testcase classname="com.runner.TestRunnerTestNG" name="runScenario" time="17.528"/>
  <system-out/>
  <testcase classname="com.runner.TestRunnerTestNG" name="runScenario" time="13.263"/>
  <system-out/>
  <testcase classname="com.runner.TestRunnerTestNG" name="runScenario" time="19.092"/>
  <system-out/>
  <testcase classname="com.runner.TestRunnerTestNG" name="runScenario" time="11.643"/>
  <system-out/>
  <testcase classname="com.runner.TestRunnerTestNG" name="runScenario" time="15.174"/>
  <system-out/>
  <testcase classname="com.runner.TestRunnerTestNG" name="runScenario" time="14.657"/>
  <system-out/>
</testsuite> <!-- com.runner.TestRunnerTestNG -->
