<?xml version="1.0" encoding="UTF-8"?>
<!-- Generated by org.testng.reporters.JUnitReportReporter -->
<testsuite hostname="LIN-5CG0202YLL" failures="0" tests="6" name="com.runner.TestRunnerTestNG" time="130.871" errors="0" timestamp="2025-07-11T09:56:15 IST" skipped="0">
  <testcase classname="com.runner.TestRunnerTestNG" name="runScenario" time="48.211"/>
  <system-out/>
  <testcase classname="com.runner.TestRunnerTestNG" name="runScenario" time="15.192"/>
  <system-out/>
  <testcase classname="com.runner.TestRunnerTestNG" name="runScenario" time="12.630"/>
  <system-out/>
  <testcase classname="com.runner.TestRunnerTestNG" name="runScenario" time="23.376"/>
  <system-out/>
  <testcase classname="com.runner.TestRunnerTestNG" name="runScenario" time="23.810"/>
  <system-out/>
  <testcase classname="com.runner.TestRunnerTestNG" name="runScenario" time="7.652"/>
  <system-out/>
</testsuite> <!-- com.runner.TestRunnerTestNG -->
